<?xml version="1.0" encoding="UTF-8"?>
<!-- Generated by org.testng.reporters.JUnitReportReporter -->
<testsuite hostname="Ashwani_Singh" name="Gmail.Gmail_Login1" tests="3" failures="0" timestamp="11 Aug 2019 05:36:27 GMT" time="177.028" errors="0">
  <testcase name="Gmaill1" time="59.486" classname="Gmail.Gmail_Login1"/>
  <testcase name="Gmaill1" time="58.415" classname="Gmail.Gmail_Login1"/>
  <testcase name="Gmaill1" time="59.127" classname="Gmail.Gmail_Login1"/>
</testsuite> <!-- Gmail.Gmail_Login1 -->
