<?xml version="1.0" encoding="UTF-8"?>
<!-- Generated by org.testng.reporters.JUnitReportReporter -->
<testsuite hostname="Ashwani_Singh" name="Gmail.Gmail_Login4" tests="1" failures="0" timestamp="11 Aug 2019 05:36:27 GMT" time="36.755" errors="0">
  <testcase name="Gmaill4" time="36.755" classname="Gmail.Gmail_Login4"/>
</testsuite> <!-- Gmail.Gmail_Login4 -->
