<?xml version="1.0" encoding="UTF-8"?>
<!-- Generated by org.testng.reporters.JUnitReportReporter -->
<testsuite hostname="Ashwani_Singh" name="Gmail.Gmail_Login5" tests="1" failures="0" timestamp="11 Aug 2019 05:36:27 GMT" time="48.783" errors="0">
  <testcase name="Gmaill5" time="48.783" classname="Gmail.Gmail_Login5"/>
</testsuite> <!-- Gmail.Gmail_Login5 -->
